Start testing: Apr 30 18:25 UTC
----------------------------------------------------------
1/3 Testing: FixedDictionaryTest.InsertAndFindStringKey
1/3 Test: FixedDictionaryTest.InsertAndFindStringKey
Command: "/home/ilya/programming-part-2/lab11/part02/build/test_dictionary" "--gtest_filter=FixedDictionaryTest.InsertAndFindStringKey" "--gtest_also_run_disabled_tests"
Directory: /home/ilya/programming-part-2/lab11/part02/build
"FixedDictionaryTest.InsertAndFindStringKey" start time: Apr 30 18:25 UTC
Output:
----------------------------------------------------------
Running main() from /home/ilya/programming-part-2/lab11/part02/build/_deps/googletest-src/googletest/src/gtest_main.cc
Note: Google Test filter = FixedDictionaryTest.InsertAndFindStringKey
[==========] Running 1 test from 1 test suite.
[----------] Global test environment set-up.
[----------] 1 test from FixedDictionaryTest
[ RUN      ] FixedDictionaryTest.InsertAndFindStringKey
[       OK ] FixedDictionaryTest.InsertAndFindStringKey (0 ms)
[----------] 1 test from FixedDictionaryTest (0 ms total)

[----------] Global test environment tear-down
[==========] 1 test from 1 test suite ran. (0 ms total)
[  PASSED  ] 1 test.
<end of output>
Test time =   0.00 sec
----------------------------------------------------------
Test Passed.
"FixedDictionaryTest.InsertAndFindStringKey" end time: Apr 30 18:25 UTC
"FixedDictionaryTest.InsertAndFindStringKey" time elapsed: 00:00:00
----------------------------------------------------------

2/3 Testing: FixedDictionaryTest.CStringSpecializationWorks
2/3 Test: FixedDictionaryTest.CStringSpecializationWorks
Command: "/home/ilya/programming-part-2/lab11/part02/build/test_dictionary" "--gtest_filter=FixedDictionaryTest.CStringSpecializationWorks" "--gtest_also_run_disabled_tests"
Directory: /home/ilya/programming-part-2/lab11/part02/build
"FixedDictionaryTest.CStringSpecializationWorks" start time: Apr 30 18:25 UTC
Output:
----------------------------------------------------------
Running main() from /home/ilya/programming-part-2/lab11/part02/build/_deps/googletest-src/googletest/src/gtest_main.cc
Note: Google Test filter = FixedDictionaryTest.CStringSpecializationWorks
[==========] Running 1 test from 1 test suite.
[----------] Global test environment set-up.
[----------] 1 test from FixedDictionaryTest
[ RUN      ] FixedDictionaryTest.CStringSpecializationWorks
[       OK ] FixedDictionaryTest.CStringSpecializationWorks (0 ms)
[----------] 1 test from FixedDictionaryTest (0 ms total)

[----------] Global test environment tear-down
[==========] 1 test from 1 test suite ran. (0 ms total)
[  PASSED  ] 1 test.
<end of output>
Test time =   0.00 sec
----------------------------------------------------------
Test Passed.
"FixedDictionaryTest.CStringSpecializationWorks" end time: Apr 30 18:25 UTC
"FixedDictionaryTest.CStringSpecializationWorks" time elapsed: 00:00:00
----------------------------------------------------------

3/3 Testing: FixedDictionaryTest.CapacityLimit
3/3 Test: FixedDictionaryTest.CapacityLimit
Command: "/home/ilya/programming-part-2/lab11/part02/build/test_dictionary" "--gtest_filter=FixedDictionaryTest.CapacityLimit" "--gtest_also_run_disabled_tests"
Directory: /home/ilya/programming-part-2/lab11/part02/build
"FixedDictionaryTest.CapacityLimit" start time: Apr 30 18:25 UTC
Output:
----------------------------------------------------------
Running main() from /home/ilya/programming-part-2/lab11/part02/build/_deps/googletest-src/googletest/src/gtest_main.cc
Note: Google Test filter = FixedDictionaryTest.CapacityLimit
[==========] Running 1 test from 1 test suite.
[----------] Global test environment set-up.
[----------] 1 test from FixedDictionaryTest
[ RUN      ] FixedDictionaryTest.CapacityLimit
[       OK ] FixedDictionaryTest.CapacityLimit (0 ms)
[----------] 1 test from FixedDictionaryTest (0 ms total)

[----------] Global test environment tear-down
[==========] 1 test from 1 test suite ran. (0 ms total)
[  PASSED  ] 1 test.
<end of output>
Test time =   0.00 sec
----------------------------------------------------------
Test Passed.
"FixedDictionaryTest.CapacityLimit" end time: Apr 30 18:25 UTC
"FixedDictionaryTest.CapacityLimit" time elapsed: 00:00:00
----------------------------------------------------------

End testing: Apr 30 18:25 UTC
